# JRE version: OpenJDK Runtime Environment (16.0.1+9) (build 16.0.1+9-24)
# Java VM: OpenJDK 64-Bit Server VM (16.0.1+9-24, mixed mode, tiered, compressed oops, compressed class ptrs, g1 gc, windows-amd64)
GC Precious Log:
 CPUs: 4 total, 4 available
 Memory: 12210M
 Large Page Support: Disabled
 NUMA Support: Disabled
 Compressed Oops: Enabled (Zero based)
 Heap Region Size: 2M
 Heap Min Capacity: 8M
 Heap Initial Capacity: 192M
 Heap Max Capacity: 3054M
 Pre-touch: Disabled
 Parallel Workers: 4
 Concurrent Workers: 1
 Concurrent Refinement Workers: 4
 Periodic GC: Disabled
Heap:
 garbage-first heap   total 102400K, used 68427K [0x0000000741200000, 0x0000000800000000)
  region size 2048K, 11 young (22528K), 2 survivors (4096K)
 Metaspace       used 51657K, committed 52096K, reserved 1097728K
  class space    used 5089K, committed 5312K, reserved 1048576K
GC Heap History (20 events):
Event: 38.320 GC heap before
{Heap before GC invocations=34 (full 0):
 garbage-first heap   total 69632K, used 50067K [0x0000000741200000, 0x0000000800000000)
  region size 2048K, 7 young (14336K), 1 survivors (2048K)
 Metaspace       used 48005K, committed 48384K, reserved 1097728K
  class space    used 4747K, committed 4928K, reserved 1048576K
}
Event: 38.321 GC heap after
{Heap after GC invocations=35 (full 0):
 garbage-first heap   total 69632K, used 39942K [0x0000000741200000, 0x0000000800000000)
  region size 2048K, 1 young (2048K), 1 survivors (2048K)
 Metaspace       used 48005K, committed 48384K, reserved 1097728K
  class space    used 4747K, committed 4928K, reserved 1048576K
}
Event: 40.045 GC heap before
{Heap before GC invocations=36 (full 0):
 garbage-first heap   total 75776K, used 52230K [0x0000000741200000, 0x0000000800000000)
  region size 2048K, 7 young (14336K), 1 survivors (2048K)
 Metaspace       used 48018K, committed 48384K, reserved 1097728K
  class space    used 4747K, committed 4928K, reserved 1048576K
}
Event: 40.051 GC heap after
{Heap after GC invocations=37 (full 0):
 garbage-first heap   total 75776K, used 42919K [0x0000000741200000, 0x0000000800000000)
  region size 2048K, 1 young (2048K), 1 survivors (2048K)
 Metaspace       used 48018K, committed 48384K, reserved 1097728K
  class space    used 4747K, committed 4928K, reserved 1048576K
}
Event: 41.335 GC heap before
{Heap before GC invocations=37 (full 0):
 garbage-first heap   total 75776K, used 57255K [0x0000000741200000, 0x0000000800000000)
  region size 2048K, 8 young (16384K), 1 survivors (2048K)
 Metaspace       used 48487K, committed 48832K, reserved 1097728K
  class space    used 4805K, committed 4992K, reserved 1048576K
}
Event: 41.345 GC heap after
{Heap after GC invocations=38 (full 0):
 garbage-first heap   total 75776K, used 45091K [0x0000000741200000, 0x0000000800000000)
  region size 2048K, 1 young (2048K), 1 survivors (2048K)
 Metaspace       used 48487K, committed 48832K, reserved 1097728K
  class space    used 4805K, committed 4992K, reserved 1048576K
}
Event: 42.093 GC heap before
{Heap before GC invocations=39 (full 0):
 garbage-first heap   total 81920K, used 55331K [0x0000000741200000, 0x0000000800000000)
  region size 2048K, 7 young (14336K), 1 survivors (2048K)
 Metaspace       used 48690K, committed 49088K, reserved 1097728K
  class space    used 4807K, committed 4992K, reserved 1048576K
}
Event: 42.105 GC heap after
{Heap after GC invocations=40 (full 0):
 garbage-first heap   total 81920K, used 47281K [0x0000000741200000, 0x0000000800000000)
  region size 2048K, 1 young (2048K), 1 survivors (2048K)
 Metaspace       used 48690K, committed 49088K, reserved 1097728K
  class space    used 4807K, committed 4992K, reserved 1048576K
}
Event: 46.899 GC heap before
{Heap before GC invocations=40 (full 0):
 garbage-first heap   total 81920K, used 61617K [0x0000000741200000, 0x0000000800000000)
  region size 2048K, 9 young (18432K), 1 survivors (2048K)
 Metaspace       used 49646K, committed 50112K, reserved 1097728K
  class space    used 4911K, committed 5120K, reserved 1048576K
}
Event: 46.909 GC heap after
{Heap after GC invocations=41 (full 0):
 garbage-first heap   total 98304K, used 49228K [0x0000000741200000, 0x0000000800000000)
  region size 2048K, 2 young (4096K), 2 survivors (4096K)
 Metaspace       used 49646K, committed 50112K, reserved 1097728K
  class space    used 4911K, committed 5120K, reserved 1048576K
}
Event: 50.642 GC heap before
{Heap before GC invocations=42 (full 0):
 garbage-first heap   total 98304K, used 69708K [0x0000000741200000, 0x0000000800000000)
  region size 2048K, 13 young (26624K), 2 survivors (4096K)
 Metaspace       used 50871K, committed 51264K, reserved 1097728K
  class space    used 5039K, committed 5248K, reserved 1048576K
}
Event: 50.655 GC heap after
{Heap after GC invocations=43 (full 0):
 garbage-first heap   total 98304K, used 49891K [0x0000000741200000, 0x0000000800000000)
  region size 2048K, 1 young (2048K), 1 survivors (2048K)
 Metaspace       used 50871K, committed 51264K, reserved 1097728K
  class space    used 5039K, committed 5248K, reserved 1048576K
}
Event: 52.771 GC heap before
{Heap before GC invocations=43 (full 0):
 garbage-first heap   total 98304K, used 72419K [0x0000000741200000, 0x0000000800000000)
  region size 2048K, 12 young (24576K), 1 survivors (2048K)
 Metaspace       used 51227K, committed 51584K, reserved 1097728K
  class space    used 5075K, committed 5248K, reserved 1048576K
}
Event: 52.778 GC heap after
{Heap after GC invocations=44 (full 0):
 garbage-first heap   total 98304K, used 50401K [0x0000000741200000, 0x0000000800000000)
  region size 2048K, 1 young (2048K), 1 survivors (2048K)
 Metaspace       used 51227K, committed 51584K, reserved 1097728K
  class space    used 5075K, committed 5248K, reserved 1048576K
}
Event: 54.015 GC heap before
{Heap before GC invocations=45 (full 0):
 garbage-first heap   total 98304K, used 74977K [0x0000000741200000, 0x0000000800000000)
  region size 2048K, 13 young (26624K), 1 survivors (2048K)
 Metaspace       used 51362K, committed 51776K, reserved 1097728K
  class space    used 5077K, committed 5312K, reserved 1048576K
}
Event: 54.024 GC heap after
{Heap after GC invocations=46 (full 0):
 garbage-first heap   total 98304K, used 50810K [0x0000000741200000, 0x0000000800000000)
  region size 2048K, 1 young (2048K), 1 survivors (2048K)
 Metaspace       used 51362K, committed 51776K, reserved 1097728K
  class space    used 5077K, committed 5312K, reserved 1048576K
}
Event: 54.896 GC heap before
{Heap before GC invocations=46 (full 0):
 garbage-first heap   total 98304K, used 77434K [0x0000000741200000, 0x0000000800000000)
  region size 2048K, 14 young (28672K), 1 survivors (2048K)
 Metaspace       used 51482K, committed 51904K, reserved 1097728K
  class space    used 5079K, committed 5312K, reserved 1048576K
}
Event: 54.905 GC heap after
{Heap after GC invocations=47 (full 0):
 garbage-first heap   total 98304K, used 51397K [0x0000000741200000, 0x0000000800000000)
  region size 2048K, 2 young (4096K), 2 survivors (4096K)
 Metaspace       used 51482K, committed 51904K, reserved 1097728K
  class space    used 5079K, committed 5312K, reserved 1048576K
}
Event: 55.692 GC heap before
{Heap before GC invocations=48 (full 0):
 garbage-first heap   total 102400K, used 75973K [0x0000000741200000, 0x0000000800000000)
  region size 2048K, 14 young (28672K), 2 survivors (4096K)
 Metaspace       used 51580K, committed 52032K, reserved 1097728K
  class space    used 5080K, committed 5312K, reserved 1048576K
}
Event: 55.702 GC heap after
{Heap after GC invocations=49 (full 0):
 garbage-first heap   total 102400K, used 52043K [0x0000000741200000, 0x0000000800000000)
  region size 2048K, 2 young (4096K), 2 survivors (4096K)
 Metaspace       used 51580K, committed 52032K, reserved 1097728K
  class space    used 5080K, committed 5312K, reserved 1048576K
}

