# JRE version: OpenJDK Runtime Environment (16.0.1+9) (build 16.0.1+9-24)
# Java VM: OpenJDK 64-Bit Server VM (16.0.1+9-24, mixed mode, tiered, compressed oops, compressed class ptrs, g1 gc, windows-amd64)
GC Precious Log:
 CPUs: 4 total, 4 available
 Memory: 12210M
 Large Page Support: Disabled
 NUMA Support: Disabled
 Compressed Oops: Enabled (Zero based)
 Heap Region Size: 2M
 Heap Min Capacity: 8M
 Heap Initial Capacity: 192M
 Heap Max Capacity: 3054M
 Pre-touch: Disabled
 Parallel Workers: 4
 Concurrent Workers: 1
 Concurrent Refinement Workers: 4
 Periodic GC: Disabled
Heap:
 garbage-first heap   total 69632K, used 37918K [0x0000000741200000, 0x0000000800000000)
  region size 2048K, 1 young (2048K), 1 survivors (2048K)
 Metaspace       used 47892K, committed 48192K, reserved 1097728K
  class space    used 4740K, committed 4864K, reserved 1048576K
GC Heap History (20 events):
Event: 26.680 GC heap after
{Heap after GC invocations=22 (full 0):
 garbage-first heap   total 51200K, used 25395K [0x0000000741200000, 0x0000000800000000)
  region size 2048K, 1 young (2048K), 1 survivors (2048K)
 Metaspace       used 38571K, committed 38720K, reserved 1089536K
  class space    used 3710K, committed 3776K, reserved 1048576K
}
Event: 28.562 GC heap before
{Heap before GC invocations=22 (full 0):
 garbage-first heap   total 51200K, used 39731K [0x0000000741200000, 0x0000000800000000)
  region size 2048K, 8 young (16384K), 1 survivors (2048K)
 Metaspace       used 39331K, committed 39488K, reserved 1089536K
  class space    used 3773K, committed 3840K, reserved 1048576K
}
Event: 28.568 GC heap after
{Heap after GC invocations=23 (full 0):
 garbage-first heap   total 51200K, used 26474K [0x0000000741200000, 0x0000000800000000)
  region size 2048K, 1 young (2048K), 1 survivors (2048K)
 Metaspace       used 39331K, committed 39488K, reserved 1089536K
  class space    used 3773K, committed 3840K, reserved 1048576K
}
Event: 29.541 GC heap before
{Heap before GC invocations=24 (full 0):
 garbage-first heap   total 55296K, used 36714K [0x0000000741200000, 0x0000000800000000)
  region size 2048K, 7 young (14336K), 1 survivors (2048K)
 Metaspace       used 39383K, committed 39552K, reserved 1089536K
  class space    used 3773K, committed 3840K, reserved 1048576K
}
Event: 29.546 GC heap after
{Heap after GC invocations=25 (full 0):
 garbage-first heap   total 55296K, used 27154K [0x0000000741200000, 0x0000000800000000)
  region size 2048K, 1 young (2048K), 1 survivors (2048K)
 Metaspace       used 39383K, committed 39552K, reserved 1089536K
  class space    used 3773K, committed 3840K, reserved 1048576K
}
Event: 31.977 GC heap before
{Heap before GC invocations=25 (full 0):
 garbage-first heap   total 55296K, used 41490K [0x0000000741200000, 0x0000000800000000)
  region size 2048K, 9 young (18432K), 1 survivors (2048K)
 Metaspace       used 41590K, committed 41856K, reserved 1089536K
  class space    used 4026K, committed 4160K, reserved 1048576K
}
Event: 31.983 GC heap after
{Heap after GC invocations=26 (full 0):
 garbage-first heap   total 55296K, used 27764K [0x0000000741200000, 0x0000000800000000)
  region size 2048K, 2 young (4096K), 2 survivors (4096K)
 Metaspace       used 41590K, committed 41856K, reserved 1089536K
  class space    used 4026K, committed 4160K, reserved 1048576K
}
Event: 32.717 GC heap before
{Heap before GC invocations=27 (full 0):
 garbage-first heap   total 55296K, used 40052K [0x0000000741200000, 0x0000000800000000)
  region size 2048K, 9 young (18432K), 2 survivors (4096K)
 Metaspace       used 41591K, committed 41856K, reserved 1089536K
  class space    used 4026K, committed 4160K, reserved 1048576K
}
Event: 32.724 GC heap after
{Heap after GC invocations=28 (full 0):
 garbage-first heap   total 55296K, used 28472K [0x0000000741200000, 0x0000000800000000)
  region size 2048K, 2 young (4096K), 2 survivors (4096K)
 Metaspace       used 41591K, committed 41856K, reserved 1089536K
  class space    used 4026K, committed 4160K, reserved 1048576K
}
Event: 32.727 GC heap before
{Heap before GC invocations=28 (full 0):
 garbage-first heap   total 55296K, used 40760K [0x0000000741200000, 0x0000000800000000)
  region size 2048K, 9 young (18432K), 2 survivors (4096K)
 Metaspace       used 41591K, committed 41856K, reserved 1089536K
  class space    used 4026K, committed 4160K, reserved 1048576K
}
Event: 32.731 GC heap after
{Heap after GC invocations=29 (full 0):
 garbage-first heap   total 55296K, used 28383K [0x0000000741200000, 0x0000000800000000)
  region size 2048K, 1 young (2048K), 1 survivors (2048K)
 Metaspace       used 41591K, committed 41856K, reserved 1089536K
  class space    used 4026K, committed 4160K, reserved 1048576K
}
Event: 33.229 GC heap before
{Heap before GC invocations=30 (full 0):
 garbage-first heap   total 69632K, used 40671K [0x0000000741200000, 0x0000000800000000)
  region size 2048K, 8 young (16384K), 1 survivors (2048K)
 Metaspace       used 41594K, committed 41856K, reserved 1089536K
  class space    used 4026K, committed 4160K, reserved 1048576K
}
Event: 33.234 GC heap after
{Heap after GC invocations=31 (full 0):
 garbage-first heap   total 69632K, used 27826K [0x0000000741200000, 0x0000000800000000)
  region size 2048K, 1 young (2048K), 1 survivors (2048K)
 Metaspace       used 41594K, committed 41856K, reserved 1089536K
  class space    used 4026K, committed 4160K, reserved 1048576K
}
Event: 36.856 GC heap before
{Heap before GC invocations=31 (full 0):
 garbage-first heap   total 69632K, used 52402K [0x0000000741200000, 0x0000000800000000)
  region size 2048K, 14 young (28672K), 1 survivors (2048K)
 Metaspace       used 47248K, committed 47616K, reserved 1097728K
  class space    used 4702K, committed 4864K, reserved 1048576K
}
Event: 36.863 GC heap after
{Heap after GC invocations=32 (full 0):
 garbage-first heap   total 69632K, used 30046K [0x0000000741200000, 0x0000000800000000)
  region size 2048K, 2 young (4096K), 2 survivors (4096K)
 Metaspace       used 47248K, committed 47616K, reserved 1097728K
  class space    used 4702K, committed 4864K, reserved 1048576K
}
Event: 44.535 GC heap before
{Heap before GC invocations=32 (full 0):
 garbage-first heap   total 69632K, used 50526K [0x0000000741200000, 0x0000000800000000)
  region size 2048K, 13 young (26624K), 2 survivors (4096K)
 Metaspace       used 47892K, committed 48192K, reserved 1097728K
  class space    used 4740K, committed 4864K, reserved 1048576K
}
Event: 44.549 GC heap after
{Heap after GC invocations=33 (full 0):
 garbage-first heap   total 69632K, used 37516K [0x0000000741200000, 0x0000000800000000)
  region size 2048K, 2 young (4096K), 2 survivors (4096K)
 Metaspace       used 47892K, committed 48192K, reserved 1097728K
  class space    used 4740K, committed 4864K, reserved 1048576K
}
Event: 44.553 GC heap before
{Heap before GC invocations=33 (full 0):
 garbage-first heap   total 69632K, used 49804K [0x0000000741200000, 0x0000000800000000)
  region size 2048K, 9 young (18432K), 2 survivors (4096K)
 Metaspace       used 47892K, committed 48192K, reserved 1097728K
  class space    used 4740K, committed 4864K, reserved 1048576K
}
Event: 44.559 GC heap after
{Heap after GC invocations=34 (full 0):
 garbage-first heap   total 69632K, used 37901K [0x0000000741200000, 0x0000000800000000)
  region size 2048K, 1 young (2048K), 1 survivors (2048K)
 Metaspace       used 47892K, committed 48192K, reserved 1097728K
  class space    used 4740K, committed 4864K, reserved 1048576K
}
Event: 44.564 GC heap before
{Heap before GC invocations=34 (full 0):
 garbage-first heap   total 69632K, used 50189K [0x0000000741200000, 0x0000000800000000)
  region size 2048K, 8 young (16384K), 1 survivors (2048K)
 Metaspace       used 47892K, committed 48192K, reserved 1097728K
  class space    used 4740K, committed 4864K, reserved 1048576K
}

