# JRE version: OpenJDK Runtime Environment (16.0.1+9) (build 16.0.1+9-24)
# Java VM: OpenJDK 64-Bit Server VM (16.0.1+9-24, mixed mode, tiered, compressed oops, compressed class ptrs, g1 gc, windows-amd64)
GC Precious Log:
 CPUs: 4 total, 4 available
 Memory: 12210M
 Large Page Support: Disabled
 NUMA Support: Disabled
 Compressed Oops: Enabled (Zero based)
 Heap Region Size: 2M
 Heap Min Capacity: 8M
 Heap Initial Capacity: 192M
 Heap Max Capacity: 3054M
 Pre-touch: Disabled
 Parallel Workers: 4
 Concurrent Workers: 1
 Concurrent Refinement Workers: 4
 Periodic GC: Disabled
Heap:
 garbage-first heap   total 81920K, used 52161K [0x0000000741200000, 0x0000000800000000)
  region size 2048K, 5 young (10240K), 2 survivors (4096K)
 Metaspace       used 49861K, committed 50176K, reserved 1097728K
  class space    used 4935K, committed 5120K, reserved 1048576K
GC Heap History (20 events):
Event: 34.177 GC heap before
{Heap before GC invocations=27 (full 0):
 garbage-first heap   total 51200K, used 37220K [0x0000000741200000, 0x0000000800000000)
  region size 2048K, 6 young (12288K), 1 survivors (2048K)
 Metaspace       used 41591K, committed 41856K, reserved 1089536K
  class space    used 4027K, committed 4160K, reserved 1048576K
}
Event: 34.180 GC heap after
{Heap after GC invocations=28 (full 0):
 garbage-first heap   total 51200K, used 28994K [0x0000000741200000, 0x0000000800000000)
  region size 2048K, 1 young (2048K), 1 survivors (2048K)
 Metaspace       used 41591K, committed 41856K, reserved 1089536K
  class space    used 4027K, committed 4160K, reserved 1048576K
}
Event: 34.187 GC heap before
{Heap before GC invocations=28 (full 0):
 garbage-first heap   total 51200K, used 37186K [0x0000000741200000, 0x0000000800000000)
  region size 2048K, 6 young (12288K), 1 survivors (2048K)
 Metaspace       used 41591K, committed 41856K, reserved 1089536K
  class space    used 4027K, committed 4160K, reserved 1048576K
}
Event: 34.189 GC heap after
{Heap after GC invocations=29 (full 0):
 garbage-first heap   total 51200K, used 28984K [0x0000000741200000, 0x0000000800000000)
  region size 2048K, 1 young (2048K), 1 survivors (2048K)
 Metaspace       used 41591K, committed 41856K, reserved 1089536K
  class space    used 4027K, committed 4160K, reserved 1048576K
}
Event: 34.725 GC heap before
{Heap before GC invocations=30 (full 0):
 garbage-first heap   total 69632K, used 39224K [0x0000000741200000, 0x0000000800000000)
  region size 2048K, 7 young (14336K), 1 survivors (2048K)
 Metaspace       used 41595K, committed 41920K, reserved 1089536K
  class space    used 4027K, committed 4160K, reserved 1048576K
}
Event: 34.726 GC heap after
{Heap after GC invocations=31 (full 0):
 garbage-first heap   total 69632K, used 28416K [0x0000000741200000, 0x0000000800000000)
  region size 2048K, 1 young (2048K), 1 survivors (2048K)
 Metaspace       used 41595K, committed 41920K, reserved 1089536K
  class space    used 4027K, committed 4160K, reserved 1048576K
}
Event: 39.531 GC heap before
{Heap before GC invocations=31 (full 0):
 garbage-first heap   total 69632K, used 52992K [0x0000000741200000, 0x0000000800000000)
  region size 2048K, 14 young (28672K), 1 survivors (2048K)
 Metaspace       used 47800K, committed 48128K, reserved 1097728K
  class space    used 4734K, committed 4864K, reserved 1048576K
}
Event: 39.539 GC heap after
{Heap after GC invocations=32 (full 0):
 garbage-first heap   total 69632K, used 31146K [0x0000000741200000, 0x0000000800000000)
  region size 2048K, 2 young (4096K), 2 survivors (4096K)
 Metaspace       used 47800K, committed 48128K, reserved 1097728K
  class space    used 4734K, committed 4864K, reserved 1048576K
}
Event: 48.300 GC heap before
{Heap before GC invocations=32 (full 0):
 garbage-first heap   total 69632K, used 53674K [0x0000000741200000, 0x0000000800000000)
  region size 2048K, 13 young (26624K), 2 survivors (4096K)
 Metaspace       used 47941K, committed 48192K, reserved 1097728K
  class space    used 4739K, committed 4864K, reserved 1048576K
}
Event: 48.315 GC heap after
{Heap after GC invocations=33 (full 0):
 garbage-first heap   total 69632K, used 38216K [0x0000000741200000, 0x0000000800000000)
  region size 2048K, 2 young (4096K), 2 survivors (4096K)
 Metaspace       used 47941K, committed 48192K, reserved 1097728K
  class space    used 4739K, committed 4864K, reserved 1048576K
}
Event: 48.324 GC heap before
{Heap before GC invocations=33 (full 0):
 garbage-first heap   total 69632K, used 50504K [0x0000000741200000, 0x0000000800000000)
  region size 2048K, 9 young (18432K), 2 survivors (4096K)
 Metaspace       used 47941K, committed 48192K, reserved 1097728K
  class space    used 4739K, committed 4864K, reserved 1048576K
}
Event: 48.330 GC heap after
{Heap after GC invocations=34 (full 0):
 garbage-first heap   total 69632K, used 38428K [0x0000000741200000, 0x0000000800000000)
  region size 2048K, 1 young (2048K), 1 survivors (2048K)
 Metaspace       used 47941K, committed 48192K, reserved 1097728K
  class space    used 4739K, committed 4864K, reserved 1048576K
}
Event: 48.335 GC heap before
{Heap before GC invocations=34 (full 0):
 garbage-first heap   total 69632K, used 50716K [0x0000000741200000, 0x0000000800000000)
  region size 2048K, 8 young (16384K), 1 survivors (2048K)
 Metaspace       used 47941K, committed 48192K, reserved 1097728K
  class space    used 4739K, committed 4864K, reserved 1048576K
}
Event: 48.336 GC heap after
{Heap after GC invocations=35 (full 0):
 garbage-first heap   total 69632K, used 38445K [0x0000000741200000, 0x0000000800000000)
  region size 2048K, 1 young (2048K), 1 survivors (2048K)
 Metaspace       used 47941K, committed 48192K, reserved 1097728K
  class space    used 4739K, committed 4864K, reserved 1048576K
}
Event: 51.266 GC heap before
{Heap before GC invocations=36 (full 0):
 garbage-first heap   total 81920K, used 50733K [0x0000000741200000, 0x0000000800000000)
  region size 2048K, 8 young (16384K), 1 survivors (2048K)
 Metaspace       used 47955K, committed 48192K, reserved 1097728K
  class space    used 4739K, committed 4864K, reserved 1048576K
}
Event: 51.271 GC heap after
{Heap after GC invocations=37 (full 0):
 garbage-first heap   total 81920K, used 40321K [0x0000000741200000, 0x0000000800000000)
  region size 2048K, 1 young (2048K), 1 survivors (2048K)
 Metaspace       used 47955K, committed 48192K, reserved 1097728K
  class space    used 4739K, committed 4864K, reserved 1048576K
}
Event: 55.339 GC heap before
{Heap before GC invocations=37 (full 0):
 garbage-first heap   total 81920K, used 62849K [0x0000000741200000, 0x0000000800000000)
  region size 2048K, 13 young (26624K), 1 survivors (2048K)
 Metaspace       used 48616K, committed 48960K, reserved 1097728K
  class space    used 4798K, committed 4992K, reserved 1048576K
}
Event: 55.353 GC heap after
{Heap after GC invocations=38 (full 0):
 garbage-first heap   total 81920K, used 44796K [0x0000000741200000, 0x0000000800000000)
  region size 2048K, 2 young (4096K), 2 survivors (4096K)
 Metaspace       used 48616K, committed 48960K, reserved 1097728K
  class space    used 4798K, committed 4992K, reserved 1048576K
}
Event: 61.665 GC heap before
{Heap before GC invocations=39 (full 0):
 garbage-first heap   total 81920K, used 63228K [0x0000000741200000, 0x0000000800000000)
  region size 2048K, 12 young (24576K), 2 survivors (4096K)
 Metaspace       used 49576K, committed 49920K, reserved 1097728K
  class space    used 4898K, committed 5056K, reserved 1048576K
}
Event: 61.681 GC heap after
{Heap after GC invocations=40 (full 0):
 garbage-first heap   total 81920K, used 48065K [0x0000000741200000, 0x0000000800000000)
  region size 2048K, 2 young (4096K), 2 survivors (4096K)
 Metaspace       used 49576K, committed 49920K, reserved 1097728K
  class space    used 4898K, committed 5056K, reserved 1048576K
}

